Started GET "/" for 127.0.0.1 at 2024-08-28 17:35:52 -0400
  [1m[35m (2.8ms)[0m  [1m[35mCREATE TABLE "schema_migrations" ("version" varchar NOT NULL PRIMARY KEY)[0m
  [1m[35m (0.2ms)[0m  [1m[35mCREATE TABLE "ar_internal_metadata" ("key" varchar NOT NULL PRIMARY KEY, "value" varchar, "created_at" datetime(6) NOT NULL, "updated_at" datetime(6) NOT NULL)[0m
  [1m[36mActiveRecord::SchemaMigration Load (0.1ms)[0m  [1m[34mSELECT "schema_migrations"."version" FROM "schema_migrations" ORDER BY "schema_migrations"."version" ASC[0m
Processing by Rails::WelcomeController#index as HTML
  Rendering /root/.rbenv/versions/3.1.2/lib/ruby/gems/3.1.0/gems/railties-7.1.4/lib/rails/templates/rails/welcome/index.html.erb
  Rendered /root/.rbenv/versions/3.1.2/lib/ruby/gems/3.1.0/gems/railties-7.1.4/lib/rails/templates/rails/welcome/index.html.erb (Duration: 0.9ms | Allocations: 386)
Completed 200 OK in 29ms (Views: 6.9ms | ActiveRecord: 0.0ms | Allocations: 7526)


Started GET "/" for 127.0.0.1 at 2024-08-28 17:43:12 -0400
  [1m[36mActiveRecord::SchemaMigration Load (0.1ms)[0m  [1m[34mSELECT "schema_migrations"."version" FROM "schema_migrations" ORDER BY "schema_migrations"."version" ASC[0m
Processing by ApplicationController#hola as HTML
  Rendering html template
  Rendered html template (Duration: 0.0ms | Allocations: 11)
Completed 200 OK in 6ms (Views: 4.0ms | ActiveRecord: 0.0ms | Allocations: 2515)


Started GET "/" for 127.0.0.1 at 2024-08-28 18:09:07 -0400
  
NoMethodError (undefined method `allow_browser' for ApplicationController:Class

allow_browser versions: :modern
^^^^^^^^^^^^^):
  
app/controllers/application_controller.rb:2:in `<class:ApplicationController>'
app/controllers/application_controller.rb:1:in `<main>'
Started GET "/txt" for 127.0.0.1 at 2024-08-28 18:09:21 -0400
  
NoMethodError (undefined method `allow_browser' for ApplicationController:Class

allow_browser versions: :modern
^^^^^^^^^^^^^):
  
app/controllers/application_controller.rb:2:in `<class:ApplicationController>'
app/controllers/application_controller.rb:1:in `<main>'
Started GET "/txt" for 127.0.0.1 at 2024-08-28 18:12:30 -0400
  
NoMethodError (undefined method `allow_browser' for ApplicationController:Class

allow_browser versions: :modern
^^^^^^^^^^^^^):
  
app/controllers/application_controller.rb:2:in `<class:ApplicationController>'
app/controllers/application_controller.rb:1:in `<main>'
Started GET "/txt" for 127.0.0.1 at 2024-08-28 18:12:31 -0400
  
NoMethodError (undefined method `allow_browser' for ApplicationController:Class

allow_browser versions: :modern
^^^^^^^^^^^^^):
  
app/controllers/application_controller.rb:2:in `<class:ApplicationController>'
app/controllers/application_controller.rb:1:in `<main>'
Started GET "/txt" for 127.0.0.1 at 2024-08-28 18:12:32 -0400
  
NoMethodError (undefined method `allow_browser' for ApplicationController:Class

allow_browser versions: :modern
^^^^^^^^^^^^^):
  
app/controllers/application_controller.rb:2:in `<class:ApplicationController>'
app/controllers/application_controller.rb:1:in `<main>'
Started GET "/txt" for 127.0.0.1 at 2024-08-28 18:12:32 -0400
  
NoMethodError (undefined method `allow_browser' for ApplicationController:Class

allow_browser versions: :modern
^^^^^^^^^^^^^):
  
app/controllers/application_controller.rb:2:in `<class:ApplicationController>'
app/controllers/application_controller.rb:1:in `<main>'
Started GET "/txt" for 127.0.0.1 at 2024-08-28 18:12:32 -0400
  
NoMethodError (undefined method `allow_browser' for ApplicationController:Class

allow_browser versions: :modern
^^^^^^^^^^^^^):
  
app/controllers/application_controller.rb:2:in `<class:ApplicationController>'
app/controllers/application_controller.rb:1:in `<main>'
Started GET "/txt" for 127.0.0.1 at 2024-08-28 18:12:33 -0400
  
NoMethodError (undefined method `allow_browser' for ApplicationController:Class

allow_browser versions: :modern
^^^^^^^^^^^^^):
  
app/controllers/application_controller.rb:2:in `<class:ApplicationController>'
app/controllers/application_controller.rb:1:in `<main>'
Started GET "/txt" for 127.0.0.1 at 2024-08-28 18:14:53 -0400
  [1m[36mActiveRecord::SchemaMigration Load (0.1ms)[0m  [1m[34mSELECT "schema_migrations"."version" FROM "schema_migrations" ORDER BY "schema_migrations"."version" ASC[0m
  
NoMethodError (undefined method `allow_browser' for ApplicationController:Class

allow_browser versions: :modern
^^^^^^^^^^^^^):
  
app/controllers/application_controller.rb:2:in `<class:ApplicationController>'
app/controllers/application_controller.rb:1:in `<main>'
Started GET "/txt" for 127.0.0.1 at 2024-08-28 18:14:54 -0400
  
NoMethodError (undefined method `allow_browser' for ApplicationController:Class

allow_browser versions: :modern
^^^^^^^^^^^^^):
  
app/controllers/application_controller.rb:2:in `<class:ApplicationController>'
app/controllers/application_controller.rb:1:in `<main>'
Started GET "/txt" for 127.0.0.1 at 2024-08-28 18:14:55 -0400
  
NoMethodError (undefined method `allow_browser' for ApplicationController:Class

allow_browser versions: :modern
^^^^^^^^^^^^^):
  
app/controllers/application_controller.rb:2:in `<class:ApplicationController>'
app/controllers/application_controller.rb:1:in `<main>'
Started GET "/txt" for 127.0.0.1 at 2024-08-28 18:14:55 -0400
  
NoMethodError (undefined method `allow_browser' for ApplicationController:Class

allow_browser versions: :modern
^^^^^^^^^^^^^):
  
app/controllers/application_controller.rb:2:in `<class:ApplicationController>'
app/controllers/application_controller.rb:1:in `<main>'
Started GET "/txt" for 127.0.0.1 at 2024-08-28 18:14:56 -0400
  
NoMethodError (undefined method `allow_browser' for ApplicationController:Class

allow_browser versions: :modern
^^^^^^^^^^^^^):
  
app/controllers/application_controller.rb:2:in `<class:ApplicationController>'
app/controllers/application_controller.rb:1:in `<main>'
Started GET "/txt" for 127.0.0.1 at 2024-08-28 18:14:56 -0400
  
NoMethodError (undefined method `allow_browser' for ApplicationController:Class

allow_browser versions: :modern
^^^^^^^^^^^^^):
  
app/controllers/application_controller.rb:2:in `<class:ApplicationController>'
app/controllers/application_controller.rb:1:in `<main>'
Started GET "/txt" for 127.0.0.1 at 2024-08-28 18:14:56 -0400
  
NoMethodError (undefined method `allow_browser' for ApplicationController:Class

allow_browser versions: :modern
^^^^^^^^^^^^^):
  
app/controllers/application_controller.rb:2:in `<class:ApplicationController>'
app/controllers/application_controller.rb:1:in `<main>'
Started GET "/txt" for 127.0.0.1 at 2024-08-28 18:14:57 -0400
  
NoMethodError (undefined method `allow_browser' for ApplicationController:Class

allow_browser versions: :modern
^^^^^^^^^^^^^):
  
app/controllers/application_controller.rb:2:in `<class:ApplicationController>'
app/controllers/application_controller.rb:1:in `<main>'
Started GET "/txt" for 127.0.0.1 at 2024-08-28 18:14:57 -0400
  
NoMethodError (undefined method `allow_browser' for ApplicationController:Class

allow_browser versions: :modern
^^^^^^^^^^^^^):
  
app/controllers/application_controller.rb:2:in `<class:ApplicationController>'
app/controllers/application_controller.rb:1:in `<main>'
Started GET "/txt" for 127.0.0.1 at 2024-08-28 18:14:58 -0400
  
NoMethodError (undefined method `allow_browser' for ApplicationController:Class

allow_browser versions: :modern
^^^^^^^^^^^^^):
  
app/controllers/application_controller.rb:2:in `<class:ApplicationController>'
app/controllers/application_controller.rb:1:in `<main>'
Started GET "/txt" for 127.0.0.1 at 2024-08-28 18:14:58 -0400
  
NoMethodError (undefined method `allow_browser' for ApplicationController:Class

allow_browser versions: :modern
^^^^^^^^^^^^^):
  
app/controllers/application_controller.rb:2:in `<class:ApplicationController>'
app/controllers/application_controller.rb:1:in `<main>'
Started POST "/__web_console/repl_sessions/908bf437bfe89bd704be0e962eeea402/trace" for 127.0.0.1 at 2024-08-28 18:15:03 -0400
Started POST "/__web_console/repl_sessions/908bf437bfe89bd704be0e962eeea402/trace" for 127.0.0.1 at 2024-08-28 18:15:08 -0400
Started GET "/txt" for 127.0.0.1 at 2024-08-28 18:16:47 -0400
  [1m[36mActiveRecord::SchemaMigration Load (0.1ms)[0m  [1m[34mSELECT "schema_migrations"."version" FROM "schema_migrations" ORDER BY "schema_migrations"."version" ASC[0m
  
NoMethodError (undefined method `allow_browser' for ApplicationController:Class

allow_browser versions: :modern
^^^^^^^^^^^^^):
  
app/controllers/application_controller.rb:2:in `<class:ApplicationController>'
app/controllers/application_controller.rb:1:in `<main>'
Started GET "/txt" for 127.0.0.1 at 2024-08-28 18:18:23 -0400
  
NoMethodError (undefined method `allow_browser' for ApplicationController:Class

allow_browser versions: :modern
^^^^^^^^^^^^^):
  
app/controllers/application_controller.rb:2:in `<class:ApplicationController>'
app/controllers/application_controller.rb:1:in `<main>'
Started GET "/txt" for 127.0.0.1 at 2024-08-28 18:18:25 -0400
  
NoMethodError (undefined method `allow_browser' for ApplicationController:Class

allow_browser versions: :modern
^^^^^^^^^^^^^):
  
app/controllers/application_controller.rb:2:in `<class:ApplicationController>'
app/controllers/application_controller.rb:1:in `<main>'
Started GET "/txt" for 127.0.0.1 at 2024-08-28 18:18:25 -0400
  
NoMethodError (undefined method `allow_browser' for ApplicationController:Class

allow_browser versions: :modern
^^^^^^^^^^^^^):
  
app/controllers/application_controller.rb:2:in `<class:ApplicationController>'
app/controllers/application_controller.rb:1:in `<main>'
Started GET "/txt" for 127.0.0.1 at 2024-08-28 18:18:25 -0400
  
NoMethodError (undefined method `allow_browser' for ApplicationController:Class

allow_browser versions: :modern
^^^^^^^^^^^^^):
  
app/controllers/application_controller.rb:2:in `<class:ApplicationController>'
app/controllers/application_controller.rb:1:in `<main>'
Started GET "/" for 127.0.0.1 at 2024-08-28 18:20:21 -0400
  [1m[36mActiveRecord::SchemaMigration Load (0.2ms)[0m  [1m[34mSELECT "schema_migrations"."version" FROM "schema_migrations" ORDER BY "schema_migrations"."version" ASC[0m
  
NoMethodError (undefined method `allow_browser' for ApplicationController:Class

allow_browser versions: :modern
^^^^^^^^^^^^^):
  
app/controllers/application_controller.rb:2:in `<class:ApplicationController>'
app/controllers/application_controller.rb:1:in `<main>'
Started GET "/" for 127.0.0.1 at 2024-08-28 18:20:48 -0400
  
NoMethodError (undefined method `allow_browser' for ApplicationController:Class

  allow_browser versions: :modern
  ^^^^^^^^^^^^^):
  
app/controllers/application_controller.rb:2:in `<class:ApplicationController>'
app/controllers/application_controller.rb:1:in `<main>'
Started GET "/" for 127.0.0.1 at 2024-08-28 18:22:03 -0400
  
NoMethodError (undefined method `allow_browser' for ApplicationController:Class

  allow_browser versions: :modern
  ^^^^^^^^^^^^^):
  
app/controllers/application_controller.rb:2:in `<class:ApplicationController>'
app/controllers/application_controller.rb:1:in `<main>'
Started GET "/" for 127.0.0.1 at 2024-08-28 18:23:12 -0400
  
NoMethodError (undefined method `allow_browser' for ApplicationController:Class

  allow_browser versions: :modern
  ^^^^^^^^^^^^^):
  
app/controllers/application_controller.rb:2:in `<class:ApplicationController>'
app/controllers/application_controller.rb:1:in `<main>'
Started GET "/" for 127.0.0.1 at 2024-08-28 18:23:14 -0400
  
NoMethodError (undefined method `allow_browser' for ApplicationController:Class

  allow_browser versions: :modern
  ^^^^^^^^^^^^^):
  
app/controllers/application_controller.rb:2:in `<class:ApplicationController>'
app/controllers/application_controller.rb:1:in `<main>'
Started GET "/" for 127.0.0.1 at 2024-08-28 18:23:28 -0400
  [1m[36mActiveRecord::SchemaMigration Load (6.5ms)[0m  [1m[34mSELECT "schema_migrations"."version" FROM "schema_migrations" ORDER BY "schema_migrations"."version" ASC[0m
  
NoMethodError (undefined method `allow_browser' for ApplicationController:Class

  allow_browser versions: :modern
  ^^^^^^^^^^^^^):
  
app/controllers/application_controller.rb:2:in `<class:ApplicationController>'
app/controllers/application_controller.rb:1:in `<main>'
Started GET "/" for 127.0.0.1 at 2024-08-28 18:23:55 -0400
  
AbstractController::ActionNotFound (The action 'txt' could not be found for ApplicationController
Did you mean?  text):
  
actionpack (7.1.4) lib/abstract_controller/base.rb:155:in `process'
actionview (7.1.4) lib/action_view/rendering.rb:40:in `process'
actionpack (7.1.4) lib/action_controller/metal.rb:227:in `dispatch'
actionpack (7.1.4) lib/action_controller/metal.rb:309:in `dispatch'
actionpack (7.1.4) lib/action_dispatch/routing/route_set.rb:49:in `dispatch'
actionpack (7.1.4) lib/action_dispatch/routing/route_set.rb:32:in `serve'
actionpack (7.1.4) lib/action_dispatch/journey/router.rb:51:in `block in serve'
actionpack (7.1.4) lib/action_dispatch/journey/router.rb:131:in `block in find_routes'
actionpack (7.1.4) lib/action_dispatch/journey/router.rb:124:in `each'
actionpack (7.1.4) lib/action_dispatch/journey/router.rb:124:in `find_routes'
actionpack (7.1.4) lib/action_dispatch/journey/router.rb:32:in `serve'
actionpack (7.1.4) lib/action_dispatch/routing/route_set.rb:882:in `call'
rack (3.1.7) lib/rack/tempfile_reaper.rb:20:in `call'
rack (3.1.7) lib/rack/etag.rb:29:in `call'
rack (3.1.7) lib/rack/conditional_get.rb:31:in `call'
rack (3.1.7) lib/rack/head.rb:15:in `call'
actionpack (7.1.4) lib/action_dispatch/http/permissions_policy.rb:36:in `call'
actionpack (7.1.4) lib/action_dispatch/http/content_security_policy.rb:33:in `call'
rack-session (2.0.0) lib/rack/session/abstract/id.rb:272:in `context'
rack-session (2.0.0) lib/rack/session/abstract/id.rb:266:in `call'
actionpack (7.1.4) lib/action_dispatch/middleware/cookies.rb:689:in `call'
activerecord (7.1.4) lib/active_record/migration.rb:655:in `call'
actionpack (7.1.4) lib/action_dispatch/middleware/callbacks.rb:29:in `block in call'
activesupport (7.1.4) lib/active_support/callbacks.rb:101:in `run_callbacks'
actionpack (7.1.4) lib/action_dispatch/middleware/callbacks.rb:28:in `call'
actionpack (7.1.4) lib/action_dispatch/middleware/executor.rb:14:in `call'
actionpack (7.1.4) lib/action_dispatch/middleware/actionable_exceptions.rb:16:in `call'
actionpack (7.1.4) lib/action_dispatch/middleware/debug_exceptions.rb:29:in `call'
web-console (4.2.1) lib/web_console/middleware.rb:132:in `call_app'
web-console (4.2.1) lib/web_console/middleware.rb:28:in `block in call'
web-console (4.2.1) lib/web_console/middleware.rb:17:in `catch'
web-console (4.2.1) lib/web_console/middleware.rb:17:in `call'
actionpack (7.1.4) lib/action_dispatch/middleware/show_exceptions.rb:31:in `call'
railties (7.1.4) lib/rails/rack/logger.rb:37:in `call_app'
railties (7.1.4) lib/rails/rack/logger.rb:24:in `block in call'
activesupport (7.1.4) lib/active_support/tagged_logging.rb:139:in `block in tagged'
activesupport (7.1.4) lib/active_support/tagged_logging.rb:39:in `tagged'
activesupport (7.1.4) lib/active_support/tagged_logging.rb:139:in `tagged'
activesupport (7.1.4) lib/active_support/broadcast_logger.rb:241:in `method_missing'
railties (7.1.4) lib/rails/rack/logger.rb:24:in `call'
sprockets-rails (3.5.2) lib/sprockets/rails/quiet_assets.rb:17:in `call'
actionpack (7.1.4) lib/action_dispatch/middleware/remote_ip.rb:92:in `call'
actionpack (7.1.4) lib/action_dispatch/middleware/request_id.rb:28:in `call'
rack (3.1.7) lib/rack/method_override.rb:28:in `call'
rack (3.1.7) lib/rack/runtime.rb:24:in `call'
activesupport (7.1.4) lib/active_support/cache/strategy/local_cache_middleware.rb:29:in `call'
actionpack (7.1.4) lib/action_dispatch/middleware/server_timing.rb:59:in `block in call'
actionpack (7.1.4) lib/action_dispatch/middleware/server_timing.rb:24:in `collect_events'
actionpack (7.1.4) lib/action_dispatch/middleware/server_timing.rb:58:in `call'
actionpack (7.1.4) lib/action_dispatch/middleware/executor.rb:14:in `call'
actionpack (7.1.4) lib/action_dispatch/middleware/static.rb:25:in `call'
rack (3.1.7) lib/rack/sendfile.rb:114:in `call'
actionpack (7.1.4) lib/action_dispatch/middleware/host_authorization.rb:141:in `call'
railties (7.1.4) lib/rails/engine.rb:536:in `call'
puma (6.4.2) lib/puma/configuration.rb:272:in `call'
puma (6.4.2) lib/puma/request.rb:100:in `block in handle_request'
puma (6.4.2) lib/puma/thread_pool.rb:378:in `with_force_shutdown'
puma (6.4.2) lib/puma/request.rb:99:in `handle_request'
puma (6.4.2) lib/puma/server.rb:464:in `process_client'
puma (6.4.2) lib/puma/server.rb:245:in `block in run'
puma (6.4.2) lib/puma/thread_pool.rb:155:in `block in spawn_thread'
Started GET "/" for 127.0.0.1 at 2024-08-28 18:26:01 -0400
  
AbstractController::ActionNotFound (The action 'txt' could not be found for ApplicationController
Did you mean?  text):
  
actionpack (7.1.4) lib/abstract_controller/base.rb:155:in `process'
actionview (7.1.4) lib/action_view/rendering.rb:40:in `process'
actionpack (7.1.4) lib/action_controller/metal.rb:227:in `dispatch'
actionpack (7.1.4) lib/action_controller/metal.rb:309:in `dispatch'
actionpack (7.1.4) lib/action_dispatch/routing/route_set.rb:49:in `dispatch'
actionpack (7.1.4) lib/action_dispatch/routing/route_set.rb:32:in `serve'
actionpack (7.1.4) lib/action_dispatch/journey/router.rb:51:in `block in serve'
actionpack (7.1.4) lib/action_dispatch/journey/router.rb:131:in `block in find_routes'
actionpack (7.1.4) lib/action_dispatch/journey/router.rb:124:in `each'
actionpack (7.1.4) lib/action_dispatch/journey/router.rb:124:in `find_routes'
actionpack (7.1.4) lib/action_dispatch/journey/router.rb:32:in `serve'
actionpack (7.1.4) lib/action_dispatch/routing/route_set.rb:882:in `call'
rack (3.1.7) lib/rack/tempfile_reaper.rb:20:in `call'
rack (3.1.7) lib/rack/etag.rb:29:in `call'
rack (3.1.7) lib/rack/conditional_get.rb:31:in `call'
rack (3.1.7) lib/rack/head.rb:15:in `call'
actionpack (7.1.4) lib/action_dispatch/http/permissions_policy.rb:36:in `call'
actionpack (7.1.4) lib/action_dispatch/http/content_security_policy.rb:33:in `call'
rack-session (2.0.0) lib/rack/session/abstract/id.rb:272:in `context'
rack-session (2.0.0) lib/rack/session/abstract/id.rb:266:in `call'
actionpack (7.1.4) lib/action_dispatch/middleware/cookies.rb:689:in `call'
activerecord (7.1.4) lib/active_record/migration.rb:655:in `call'
actionpack (7.1.4) lib/action_dispatch/middleware/callbacks.rb:29:in `block in call'
activesupport (7.1.4) lib/active_support/callbacks.rb:101:in `run_callbacks'
actionpack (7.1.4) lib/action_dispatch/middleware/callbacks.rb:28:in `call'
actionpack (7.1.4) lib/action_dispatch/middleware/executor.rb:14:in `call'
actionpack (7.1.4) lib/action_dispatch/middleware/actionable_exceptions.rb:16:in `call'
actionpack (7.1.4) lib/action_dispatch/middleware/debug_exceptions.rb:29:in `call'
web-console (4.2.1) lib/web_console/middleware.rb:132:in `call_app'
web-console (4.2.1) lib/web_console/middleware.rb:28:in `block in call'
web-console (4.2.1) lib/web_console/middleware.rb:17:in `catch'
web-console (4.2.1) lib/web_console/middleware.rb:17:in `call'
actionpack (7.1.4) lib/action_dispatch/middleware/show_exceptions.rb:31:in `call'
railties (7.1.4) lib/rails/rack/logger.rb:37:in `call_app'
railties (7.1.4) lib/rails/rack/logger.rb:24:in `block in call'
activesupport (7.1.4) lib/active_support/tagged_logging.rb:139:in `block in tagged'
activesupport (7.1.4) lib/active_support/tagged_logging.rb:39:in `tagged'
activesupport (7.1.4) lib/active_support/tagged_logging.rb:139:in `tagged'
activesupport (7.1.4) lib/active_support/broadcast_logger.rb:241:in `method_missing'
railties (7.1.4) lib/rails/rack/logger.rb:24:in `call'
sprockets-rails (3.5.2) lib/sprockets/rails/quiet_assets.rb:17:in `call'
actionpack (7.1.4) lib/action_dispatch/middleware/remote_ip.rb:92:in `call'
actionpack (7.1.4) lib/action_dispatch/middleware/request_id.rb:28:in `call'
rack (3.1.7) lib/rack/method_override.rb:28:in `call'
rack (3.1.7) lib/rack/runtime.rb:24:in `call'
activesupport (7.1.4) lib/active_support/cache/strategy/local_cache_middleware.rb:29:in `call'
actionpack (7.1.4) lib/action_dispatch/middleware/server_timing.rb:59:in `block in call'
actionpack (7.1.4) lib/action_dispatch/middleware/server_timing.rb:24:in `collect_events'
actionpack (7.1.4) lib/action_dispatch/middleware/server_timing.rb:58:in `call'
actionpack (7.1.4) lib/action_dispatch/middleware/executor.rb:14:in `call'
actionpack (7.1.4) lib/action_dispatch/middleware/static.rb:25:in `call'
rack (3.1.7) lib/rack/sendfile.rb:114:in `call'
actionpack (7.1.4) lib/action_dispatch/middleware/host_authorization.rb:141:in `call'
railties (7.1.4) lib/rails/engine.rb:536:in `call'
puma (6.4.2) lib/puma/configuration.rb:272:in `call'
puma (6.4.2) lib/puma/request.rb:100:in `block in handle_request'
puma (6.4.2) lib/puma/thread_pool.rb:378:in `with_force_shutdown'
puma (6.4.2) lib/puma/request.rb:99:in `handle_request'
puma (6.4.2) lib/puma/server.rb:464:in `process_client'
puma (6.4.2) lib/puma/server.rb:245:in `block in run'
puma (6.4.2) lib/puma/thread_pool.rb:155:in `block in spawn_thread'
Started GET "/" for 127.0.0.1 at 2024-08-28 18:26:03 -0400
  
AbstractController::ActionNotFound (The action 'txt' could not be found for ApplicationController
Did you mean?  text):
  
actionpack (7.1.4) lib/abstract_controller/base.rb:155:in `process'
actionview (7.1.4) lib/action_view/rendering.rb:40:in `process'
actionpack (7.1.4) lib/action_controller/metal.rb:227:in `dispatch'
actionpack (7.1.4) lib/action_controller/metal.rb:309:in `dispatch'
actionpack (7.1.4) lib/action_dispatch/routing/route_set.rb:49:in `dispatch'
actionpack (7.1.4) lib/action_dispatch/routing/route_set.rb:32:in `serve'
actionpack (7.1.4) lib/action_dispatch/journey/router.rb:51:in `block in serve'
actionpack (7.1.4) lib/action_dispatch/journey/router.rb:131:in `block in find_routes'
actionpack (7.1.4) lib/action_dispatch/journey/router.rb:124:in `each'
actionpack (7.1.4) lib/action_dispatch/journey/router.rb:124:in `find_routes'
actionpack (7.1.4) lib/action_dispatch/journey/router.rb:32:in `serve'
actionpack (7.1.4) lib/action_dispatch/routing/route_set.rb:882:in `call'
rack (3.1.7) lib/rack/tempfile_reaper.rb:20:in `call'
rack (3.1.7) lib/rack/etag.rb:29:in `call'
rack (3.1.7) lib/rack/conditional_get.rb:31:in `call'
rack (3.1.7) lib/rack/head.rb:15:in `call'
actionpack (7.1.4) lib/action_dispatch/http/permissions_policy.rb:36:in `call'
actionpack (7.1.4) lib/action_dispatch/http/content_security_policy.rb:33:in `call'
rack-session (2.0.0) lib/rack/session/abstract/id.rb:272:in `context'
rack-session (2.0.0) lib/rack/session/abstract/id.rb:266:in `call'
actionpack (7.1.4) lib/action_dispatch/middleware/cookies.rb:689:in `call'
activerecord (7.1.4) lib/active_record/migration.rb:655:in `call'
actionpack (7.1.4) lib/action_dispatch/middleware/callbacks.rb:29:in `block in call'
activesupport (7.1.4) lib/active_support/callbacks.rb:101:in `run_callbacks'
actionpack (7.1.4) lib/action_dispatch/middleware/callbacks.rb:28:in `call'
actionpack (7.1.4) lib/action_dispatch/middleware/executor.rb:14:in `call'
actionpack (7.1.4) lib/action_dispatch/middleware/actionable_exceptions.rb:16:in `call'
actionpack (7.1.4) lib/action_dispatch/middleware/debug_exceptions.rb:29:in `call'
web-console (4.2.1) lib/web_console/middleware.rb:132:in `call_app'
web-console (4.2.1) lib/web_console/middleware.rb:28:in `block in call'
web-console (4.2.1) lib/web_console/middleware.rb:17:in `catch'
web-console (4.2.1) lib/web_console/middleware.rb:17:in `call'
actionpack (7.1.4) lib/action_dispatch/middleware/show_exceptions.rb:31:in `call'
railties (7.1.4) lib/rails/rack/logger.rb:37:in `call_app'
railties (7.1.4) lib/rails/rack/logger.rb:24:in `block in call'
activesupport (7.1.4) lib/active_support/tagged_logging.rb:139:in `block in tagged'
activesupport (7.1.4) lib/active_support/tagged_logging.rb:39:in `tagged'
activesupport (7.1.4) lib/active_support/tagged_logging.rb:139:in `tagged'
activesupport (7.1.4) lib/active_support/broadcast_logger.rb:241:in `method_missing'
railties (7.1.4) lib/rails/rack/logger.rb:24:in `call'
sprockets-rails (3.5.2) lib/sprockets/rails/quiet_assets.rb:17:in `call'
actionpack (7.1.4) lib/action_dispatch/middleware/remote_ip.rb:92:in `call'
actionpack (7.1.4) lib/action_dispatch/middleware/request_id.rb:28:in `call'
rack (3.1.7) lib/rack/method_override.rb:28:in `call'
rack (3.1.7) lib/rack/runtime.rb:24:in `call'
activesupport (7.1.4) lib/active_support/cache/strategy/local_cache_middleware.rb:29:in `call'
actionpack (7.1.4) lib/action_dispatch/middleware/server_timing.rb:59:in `block in call'
actionpack (7.1.4) lib/action_dispatch/middleware/server_timing.rb:24:in `collect_events'
actionpack (7.1.4) lib/action_dispatch/middleware/server_timing.rb:58:in `call'
actionpack (7.1.4) lib/action_dispatch/middleware/executor.rb:14:in `call'
actionpack (7.1.4) lib/action_dispatch/middleware/static.rb:25:in `call'
rack (3.1.7) lib/rack/sendfile.rb:114:in `call'
actionpack (7.1.4) lib/action_dispatch/middleware/host_authorization.rb:141:in `call'
railties (7.1.4) lib/rails/engine.rb:536:in `call'
puma (6.4.2) lib/puma/configuration.rb:272:in `call'
puma (6.4.2) lib/puma/request.rb:100:in `block in handle_request'
puma (6.4.2) lib/puma/thread_pool.rb:378:in `with_force_shutdown'
puma (6.4.2) lib/puma/request.rb:99:in `handle_request'
puma (6.4.2) lib/puma/server.rb:464:in `process_client'
puma (6.4.2) lib/puma/server.rb:245:in `block in run'
puma (6.4.2) lib/puma/thread_pool.rb:155:in `block in spawn_thread'
Started GET "/" for 127.0.0.1 at 2024-08-28 18:26:04 -0400
  
AbstractController::ActionNotFound (The action 'txt' could not be found for ApplicationController
Did you mean?  text):
  
actionpack (7.1.4) lib/abstract_controller/base.rb:155:in `process'
actionview (7.1.4) lib/action_view/rendering.rb:40:in `process'
actionpack (7.1.4) lib/action_controller/metal.rb:227:in `dispatch'
actionpack (7.1.4) lib/action_controller/metal.rb:309:in `dispatch'
actionpack (7.1.4) lib/action_dispatch/routing/route_set.rb:49:in `dispatch'
actionpack (7.1.4) lib/action_dispatch/routing/route_set.rb:32:in `serve'
actionpack (7.1.4) lib/action_dispatch/journey/router.rb:51:in `block in serve'
actionpack (7.1.4) lib/action_dispatch/journey/router.rb:131:in `block in find_routes'
actionpack (7.1.4) lib/action_dispatch/journey/router.rb:124:in `each'
actionpack (7.1.4) lib/action_dispatch/journey/router.rb:124:in `find_routes'
actionpack (7.1.4) lib/action_dispatch/journey/router.rb:32:in `serve'
actionpack (7.1.4) lib/action_dispatch/routing/route_set.rb:882:in `call'
rack (3.1.7) lib/rack/tempfile_reaper.rb:20:in `call'
rack (3.1.7) lib/rack/etag.rb:29:in `call'
rack (3.1.7) lib/rack/conditional_get.rb:31:in `call'
rack (3.1.7) lib/rack/head.rb:15:in `call'
actionpack (7.1.4) lib/action_dispatch/http/permissions_policy.rb:36:in `call'
actionpack (7.1.4) lib/action_dispatch/http/content_security_policy.rb:33:in `call'
rack-session (2.0.0) lib/rack/session/abstract/id.rb:272:in `context'
rack-session (2.0.0) lib/rack/session/abstract/id.rb:266:in `call'
actionpack (7.1.4) lib/action_dispatch/middleware/cookies.rb:689:in `call'
activerecord (7.1.4) lib/active_record/migration.rb:655:in `call'
actionpack (7.1.4) lib/action_dispatch/middleware/callbacks.rb:29:in `block in call'
activesupport (7.1.4) lib/active_support/callbacks.rb:101:in `run_callbacks'
actionpack (7.1.4) lib/action_dispatch/middleware/callbacks.rb:28:in `call'
actionpack (7.1.4) lib/action_dispatch/middleware/executor.rb:14:in `call'
actionpack (7.1.4) lib/action_dispatch/middleware/actionable_exceptions.rb:16:in `call'
actionpack (7.1.4) lib/action_dispatch/middleware/debug_exceptions.rb:29:in `call'
web-console (4.2.1) lib/web_console/middleware.rb:132:in `call_app'
web-console (4.2.1) lib/web_console/middleware.rb:28:in `block in call'
web-console (4.2.1) lib/web_console/middleware.rb:17:in `catch'
web-console (4.2.1) lib/web_console/middleware.rb:17:in `call'
actionpack (7.1.4) lib/action_dispatch/middleware/show_exceptions.rb:31:in `call'
railties (7.1.4) lib/rails/rack/logger.rb:37:in `call_app'
railties (7.1.4) lib/rails/rack/logger.rb:24:in `block in call'
activesupport (7.1.4) lib/active_support/tagged_logging.rb:139:in `block in tagged'
activesupport (7.1.4) lib/active_support/tagged_logging.rb:39:in `tagged'
activesupport (7.1.4) lib/active_support/tagged_logging.rb:139:in `tagged'
activesupport (7.1.4) lib/active_support/broadcast_logger.rb:241:in `method_missing'
railties (7.1.4) lib/rails/rack/logger.rb:24:in `call'
sprockets-rails (3.5.2) lib/sprockets/rails/quiet_assets.rb:17:in `call'
actionpack (7.1.4) lib/action_dispatch/middleware/remote_ip.rb:92:in `call'
actionpack (7.1.4) lib/action_dispatch/middleware/request_id.rb:28:in `call'
rack (3.1.7) lib/rack/method_override.rb:28:in `call'
rack (3.1.7) lib/rack/runtime.rb:24:in `call'
activesupport (7.1.4) lib/active_support/cache/strategy/local_cache_middleware.rb:29:in `call'
actionpack (7.1.4) lib/action_dispatch/middleware/server_timing.rb:59:in `block in call'
actionpack (7.1.4) lib/action_dispatch/middleware/server_timing.rb:24:in `collect_events'
actionpack (7.1.4) lib/action_dispatch/middleware/server_timing.rb:58:in `call'
actionpack (7.1.4) lib/action_dispatch/middleware/executor.rb:14:in `call'
actionpack (7.1.4) lib/action_dispatch/middleware/static.rb:25:in `call'
rack (3.1.7) lib/rack/sendfile.rb:114:in `call'
actionpack (7.1.4) lib/action_dispatch/middleware/host_authorization.rb:141:in `call'
railties (7.1.4) lib/rails/engine.rb:536:in `call'
puma (6.4.2) lib/puma/configuration.rb:272:in `call'
puma (6.4.2) lib/puma/request.rb:100:in `block in handle_request'
puma (6.4.2) lib/puma/thread_pool.rb:378:in `with_force_shutdown'
puma (6.4.2) lib/puma/request.rb:99:in `handle_request'
puma (6.4.2) lib/puma/server.rb:464:in `process_client'
puma (6.4.2) lib/puma/server.rb:245:in `block in run'
puma (6.4.2) lib/puma/thread_pool.rb:155:in `block in spawn_thread'
Started GET "/" for 127.0.0.1 at 2024-08-28 18:26:05 -0400
  
AbstractController::ActionNotFound (The action 'txt' could not be found for ApplicationController
Did you mean?  text):
  
actionpack (7.1.4) lib/abstract_controller/base.rb:155:in `process'
actionview (7.1.4) lib/action_view/rendering.rb:40:in `process'
actionpack (7.1.4) lib/action_controller/metal.rb:227:in `dispatch'
actionpack (7.1.4) lib/action_controller/metal.rb:309:in `dispatch'
actionpack (7.1.4) lib/action_dispatch/routing/route_set.rb:49:in `dispatch'
actionpack (7.1.4) lib/action_dispatch/routing/route_set.rb:32:in `serve'
actionpack (7.1.4) lib/action_dispatch/journey/router.rb:51:in `block in serve'
actionpack (7.1.4) lib/action_dispatch/journey/router.rb:131:in `block in find_routes'
actionpack (7.1.4) lib/action_dispatch/journey/router.rb:124:in `each'
actionpack (7.1.4) lib/action_dispatch/journey/router.rb:124:in `find_routes'
actionpack (7.1.4) lib/action_dispatch/journey/router.rb:32:in `serve'
actionpack (7.1.4) lib/action_dispatch/routing/route_set.rb:882:in `call'
rack (3.1.7) lib/rack/tempfile_reaper.rb:20:in `call'
rack (3.1.7) lib/rack/etag.rb:29:in `call'
rack (3.1.7) lib/rack/conditional_get.rb:31:in `call'
rack (3.1.7) lib/rack/head.rb:15:in `call'
actionpack (7.1.4) lib/action_dispatch/http/permissions_policy.rb:36:in `call'
actionpack (7.1.4) lib/action_dispatch/http/content_security_policy.rb:33:in `call'
rack-session (2.0.0) lib/rack/session/abstract/id.rb:272:in `context'
rack-session (2.0.0) lib/rack/session/abstract/id.rb:266:in `call'
actionpack (7.1.4) lib/action_dispatch/middleware/cookies.rb:689:in `call'
activerecord (7.1.4) lib/active_record/migration.rb:655:in `call'
actionpack (7.1.4) lib/action_dispatch/middleware/callbacks.rb:29:in `block in call'
activesupport (7.1.4) lib/active_support/callbacks.rb:101:in `run_callbacks'
actionpack (7.1.4) lib/action_dispatch/middleware/callbacks.rb:28:in `call'
actionpack (7.1.4) lib/action_dispatch/middleware/executor.rb:14:in `call'
actionpack (7.1.4) lib/action_dispatch/middleware/actionable_exceptions.rb:16:in `call'
actionpack (7.1.4) lib/action_dispatch/middleware/debug_exceptions.rb:29:in `call'
web-console (4.2.1) lib/web_console/middleware.rb:132:in `call_app'
web-console (4.2.1) lib/web_console/middleware.rb:28:in `block in call'
web-console (4.2.1) lib/web_console/middleware.rb:17:in `catch'
web-console (4.2.1) lib/web_console/middleware.rb:17:in `call'
actionpack (7.1.4) lib/action_dispatch/middleware/show_exceptions.rb:31:in `call'
railties (7.1.4) lib/rails/rack/logger.rb:37:in `call_app'
railties (7.1.4) lib/rails/rack/logger.rb:24:in `block in call'
activesupport (7.1.4) lib/active_support/tagged_logging.rb:139:in `block in tagged'
activesupport (7.1.4) lib/active_support/tagged_logging.rb:39:in `tagged'
activesupport (7.1.4) lib/active_support/tagged_logging.rb:139:in `tagged'
activesupport (7.1.4) lib/active_support/broadcast_logger.rb:241:in `method_missing'
railties (7.1.4) lib/rails/rack/logger.rb:24:in `call'
sprockets-rails (3.5.2) lib/sprockets/rails/quiet_assets.rb:17:in `call'
actionpack (7.1.4) lib/action_dispatch/middleware/remote_ip.rb:92:in `call'
actionpack (7.1.4) lib/action_dispatch/middleware/request_id.rb:28:in `call'
rack (3.1.7) lib/rack/method_override.rb:28:in `call'
rack (3.1.7) lib/rack/runtime.rb:24:in `call'
activesupport (7.1.4) lib/active_support/cache/strategy/local_cache_middleware.rb:29:in `call'
actionpack (7.1.4) lib/action_dispatch/middleware/server_timing.rb:59:in `block in call'
actionpack (7.1.4) lib/action_dispatch/middleware/server_timing.rb:24:in `collect_events'
actionpack (7.1.4) lib/action_dispatch/middleware/server_timing.rb:58:in `call'
actionpack (7.1.4) lib/action_dispatch/middleware/executor.rb:14:in `call'
actionpack (7.1.4) lib/action_dispatch/middleware/static.rb:25:in `call'
rack (3.1.7) lib/rack/sendfile.rb:114:in `call'
actionpack (7.1.4) lib/action_dispatch/middleware/host_authorization.rb:141:in `call'
railties (7.1.4) lib/rails/engine.rb:536:in `call'
puma (6.4.2) lib/puma/configuration.rb:272:in `call'
puma (6.4.2) lib/puma/request.rb:100:in `block in handle_request'
puma (6.4.2) lib/puma/thread_pool.rb:378:in `with_force_shutdown'
puma (6.4.2) lib/puma/request.rb:99:in `handle_request'
puma (6.4.2) lib/puma/server.rb:464:in `process_client'
puma (6.4.2) lib/puma/server.rb:245:in `block in run'
puma (6.4.2) lib/puma/thread_pool.rb:155:in `block in spawn_thread'
Started GET "/" for 127.0.0.1 at 2024-08-28 18:26:29 -0400
  
NoMethodError (undefined method `allow_browser' for ApplicationController:Class

  allow_browser versions: :modern
  ^^^^^^^^^^^^^):
  
app/controllers/application_controller.rb:2:in `<class:ApplicationController>'
app/controllers/application_controller.rb:1:in `<main>'
Started GET "/" for 127.0.0.1 at 2024-08-28 18:26:55 -0400
  [1m[36mActiveRecord::SchemaMigration Load (0.2ms)[0m  [1m[34mSELECT "schema_migrations"."version" FROM "schema_migrations" ORDER BY "schema_migrations"."version" ASC[0m
  
NoMethodError (undefined method `allow_browser' for ApplicationController:Class

  allow_browser versions: :modern
  ^^^^^^^^^^^^^):
  
app/controllers/application_controller.rb:2:in `<class:ApplicationController>'
app/controllers/application_controller.rb:1:in `<main>'
Started GET "/" for 127.0.0.1 at 2024-08-28 18:28:05 -0400
  [1m[36mActiveRecord::SchemaMigration Load (0.1ms)[0m  [1m[34mSELECT "schema_migrations"."version" FROM "schema_migrations" ORDER BY "schema_migrations"."version" ASC[0m
Processing by ApplicationController#txt as HTML
Completed 500 Internal Server Error in 11ms (ActiveRecord: 0.0ms | Allocations: 4126)


  
NoMethodError (undefined method `ender' for #<ApplicationController:0x0000000000a898>

   ender html: "Como estas, espero que bien"
   ^^^^^
Did you mean?  render
               end):
  
app/controllers/application_controller.rb:8:in `txt'
Started GET "/" for 127.0.0.1 at 2024-08-28 18:28:29 -0400
Processing by ApplicationController#txt as HTML
Completed 500 Internal Server Error in 4ms (ActiveRecord: 0.0ms | Allocations: 3137)


  
NoMethodError (undefined method `ender' for #<ApplicationController:0x0000000000aca8>

   ender html: "Como estas, espero que bien"
   ^^^^^
Did you mean?  render
               end):
  
app/controllers/application_controller.rb:8:in `txt'
Started GET "/" for 127.0.0.1 at 2024-08-28 18:28:31 -0400
Processing by ApplicationController#txt as HTML
Completed 500 Internal Server Error in 12ms (ActiveRecord: 0.0ms | Allocations: 3091)


  
NoMethodError (undefined method `ender' for #<ApplicationController:0x0000000000afc8>

   ender html: "Como estas, espero que bien"
   ^^^^^
Did you mean?  render
               end):
  
app/controllers/application_controller.rb:8:in `txt'
Started GET "/" for 127.0.0.1 at 2024-08-28 18:28:43 -0400
Processing by ApplicationController#txt as HTML
  Rendering html template
  Rendered html template (Duration: 0.0ms | Allocations: 9)
Completed 200 OK in 10ms (Views: 9.8ms | ActiveRecord: 0.0ms | Allocations: 788)


Started GET "/" for 127.0.0.1 at 2024-08-28 18:28:51 -0400
Processing by ApplicationController#txt as HTML
  Rendering html template
  Rendered html template (Duration: 0.0ms | Allocations: 2)
Completed 200 OK in 2ms (Views: 1.2ms | ActiveRecord: 0.0ms | Allocations: 211)


Started GET "/hola" for 127.0.0.1 at 2024-08-28 18:28:57 -0400
Processing by ApplicationController#hola as HTML
  Rendering html template
  Rendered html template (Duration: 0.0ms | Allocations: 2)
Completed 200 OK in 1ms (Views: 0.4ms | ActiveRecord: 0.0ms | Allocations: 184)


Started GET "/hola" for 127.0.0.1 at 2024-08-28 18:30:33 -0400
Processing by ApplicationController#hola as HTML
  Rendering html template
  Rendered html template (Duration: 0.4ms | Allocations: 4)
Completed 200 OK in 3ms (Views: 2.3ms | ActiveRecord: 0.0ms | Allocations: 569)


Started GET "/hola" for 127.0.0.1 at 2024-08-28 18:30:34 -0400
Processing by ApplicationController#hola as HTML
  Rendering html template
  Rendered html template (Duration: 0.0ms | Allocations: 2)
Completed 200 OK in 4ms (Views: 3.2ms | ActiveRecord: 0.0ms | Allocations: 200)


Started GET "/hola" for 127.0.0.1 at 2024-08-28 18:30:34 -0400
Processing by ApplicationController#hola as HTML
  Rendering html template
  Rendered html template (Duration: 0.0ms | Allocations: 2)
Completed 200 OK in 1ms (Views: 0.5ms | ActiveRecord: 0.0ms | Allocations: 181)


Started GET "/hola" for 127.0.0.1 at 2024-08-28 18:30:34 -0400
Processing by ApplicationController#hola as HTML
  Rendering html template
  Rendered html template (Duration: 0.0ms | Allocations: 2)
Completed 200 OK in 1ms (Views: 0.7ms | ActiveRecord: 0.0ms | Allocations: 181)


Started GET "/hola" for 127.0.0.1 at 2024-08-28 18:30:34 -0400
Processing by ApplicationController#hola as HTML
  Rendering html template
  Rendered html template (Duration: 0.0ms | Allocations: 2)
Completed 200 OK in 2ms (Views: 1.5ms | ActiveRecord: 0.0ms | Allocations: 181)


Started GET "/hola" for 127.0.0.1 at 2024-08-28 18:30:35 -0400
Processing by ApplicationController#hola as HTML
  Rendering html template
  Rendered html template (Duration: 0.1ms | Allocations: 2)
Completed 200 OK in 4ms (Views: 3.2ms | ActiveRecord: 0.0ms | Allocations: 181)


Started GET "/hola" for 127.0.0.1 at 2024-08-28 18:30:35 -0400
Processing by ApplicationController#hola as HTML
  Rendering html template
  Rendered html template (Duration: 0.0ms | Allocations: 2)
Completed 200 OK in 2ms (Views: 1.5ms | ActiveRecord: 0.0ms | Allocations: 181)


Started GET "/hola" for 127.0.0.1 at 2024-08-28 18:30:35 -0400
Processing by ApplicationController#hola as HTML
  Rendering html template
  Rendered html template (Duration: 0.0ms | Allocations: 2)
Completed 200 OK in 1ms (Views: 0.4ms | ActiveRecord: 0.0ms | Allocations: 181)


Started GET "/esteban" for 127.0.0.1 at 2024-08-28 18:30:40 -0400
Processing by ApplicationController#esteban as HTML
  Rendering html template
  Rendered html template (Duration: 0.0ms | Allocations: 2)
Completed 200 OK in 1ms (Views: 1.0ms | ActiveRecord: 0.0ms | Allocations: 182)


Started GET "/esteban" for 127.0.0.1 at 2024-08-28 18:33:48 -0400
  
ActionController::RoutingError (No route matches [GET] "/esteban"):
  
Started GET "/saludo" for 127.0.0.1 at 2024-08-28 18:33:58 -0400
Processing by ApplicationController#saludo as HTML
  Rendering html template
  Rendered html template (Duration: 0.0ms | Allocations: 4)
Completed 200 OK in 1ms (Views: 0.7ms | ActiveRecord: 0.0ms | Allocations: 570)


Started GET "/saludo" for 127.0.0.1 at 2024-08-28 18:34:03 -0400
Processing by ApplicationController#saludo as HTML
  Rendering html template
  Rendered html template (Duration: 0.0ms | Allocations: 2)
Completed 200 OK in 1ms (Views: 0.5ms | ActiveRecord: 0.0ms | Allocations: 200)


Started GET "/hola" for 127.0.0.1 at 2024-08-28 18:34:08 -0400
Processing by ApplicationController#hola as HTML
  Rendering html template
  Rendered html template (Duration: 0.0ms | Allocations: 2)
Completed 200 OK in 2ms (Views: 1.1ms | ActiveRecord: 0.0ms | Allocations: 182)


